{"level":"info","msg":"User registered successfully","time":"2024-10-24T20:00:54+08:00","username":"testuser"}
{"level":"error","msg":"Error registering user","time":"2024-10-24T20:03:38+08:00","username":"testuser"}
{"level":"info","msg":"User registered successfully","time":"2024-10-24T20:05:05+08:00","username":"testuser"}
{"level":"info","msg":"User registered successfully","time":"2024-10-24T20:06:56+08:00","username":"testuser"}
{"level":"info","msg":"User registered successfully","time":"2024-10-24T20:07:54+08:00","username":"testuser"}
{"level":"error","msg":"PostgreSQL connection is not initialized","time":"2024-10-24T20:07:54+08:00"}
{"error":"failed to create cipher: crypto/aes: invalid key size 15","level":"error","msg":"Decryption failed","time":"2024-10-28T17:34:45+08:00"}
{"error":"failed to create cipher: crypto/aes: invalid key size 15","level":"error","msg":"Decryption failed","time":"2024-10-28T17:34:45+08:00"}
{"error":"crypto/aes: invalid key size 15","level":"error","msg":"Decryption failed","time":"2024-10-28T17:40:03+08:00"}
{"error":"crypto/aes: invalid key size 15","level":"error","msg":"Decryption failed","time":"2024-10-28T17:40:03+08:00"}
{"error":"base64 decoding failed","level":"error","msg":"Decryption failed","time":"2024-10-28T17:45:07+08:00"}
{"error":"base64 decoding failed","level":"error","msg":"Decryption failed","time":"2024-10-28T17:46:48+08:00"}
{"error":"base64 decoding failed","level":"error","msg":"Decryption failed","time":"2024-10-28T17:47:03+08:00"}
{"error":"base64 decoding failed","level":"error","msg":"Decryption failed","time":"2024-10-28T17:47:23+08:00"}
{"error":"base64 decoding failed","level":"error","msg":"Decryption failed","time":"2024-10-28T17:47:58+08:00"}
{"error":"crypto/aes: invalid key size 15","level":"error","msg":"Decryption failed","time":"2024-10-28T17:49:02+08:00"}
{"error":"base64 decoding failed","level":"error","msg":"Decryption failed","time":"2024-10-28T17:49:02+08:00"}
{"error":"crypto/aes: invalid key size 15","level":"error","msg":"Decryption failed","time":"2024-10-28T17:52:40+08:00"}
{"error":"illegal base64 data at input byte 7","level":"error","msg":"Decryption failed","time":"2024-10-28T17:52:40+08:00"}
{"error":"crypto/aes: invalid key size 15","level":"error","msg":"Decryption failed","time":"2024-10-28T17:53:19+08:00"}
{"error":"illegal base64 data at input byte 7","level":"error","msg":"Decryption failed","time":"2024-10-28T17:53:19+08:00"}
{"error":"illegal base64 data at input byte 141","level":"error","msg":"Decryption failed","time":"2024-10-28T17:55:07+08:00"}
{"error":"illegal base64 data at input byte 7","level":"error","msg":"Decryption failed","time":"2024-10-28T17:55:07+08:00"}
{"error":"crypto/aes: invalid key size 15","level":"error","msg":"Decryption failed","time":"2024-10-28T17:56:35+08:00"}
{"error":"illegal base64 data at input byte 7","level":"error","msg":"Decryption failed","time":"2024-10-28T17:56:35+08:00"}
{"error":"crypto/aes: invalid key size 15","level":"error","msg":"Decryption failed","time":"2024-10-28T18:00:02+08:00"}
{"error":"illegal base64 data at input byte 7","level":"error","msg":"Decryption failed","time":"2024-10-28T18:00:02+08:00"}
{"error":"crypto/aes: invalid key size 15","level":"error","msg":"Decryption failed","time":"2024-10-28T18:01:44+08:00"}
{"error":"crypto/aes: invalid key size 15","level":"error","msg":"Decryption failed","time":"2024-10-28T18:01:44+08:00"}
{"level":"info","msg":"User registered successfully","time":"2024-10-28T19:42:11+08:00","username":"test"}
{"level":"info","msg":"User registered successfully","time":"2024-10-28T19:42:11+08:00","username":"test"}
{"level":"error","msg":"Username already exists","time":"2024-10-28T19:43:51+08:00","username":"test"}
{"error":"encoding/hex: invalid byte: U+0069 'i'","level":"error","msg":"Decryption failed","time":"2024-10-28T19:43:51+08:00"}
{"level":"info","msg":"User registered successfully","time":"2024-10-28T19:44:14+08:00","username":"test"}
{"level":"info","msg":"User registered successfully","time":"2024-10-28T19:44:14+08:00","username":"test"}
{"error":"encoding/hex: invalid byte: U+0069 'i'","level":"error","msg":"Decryption failed","time":"2024-10-28T19:44:14+08:00"}
{"level":"info","msg":"User registered successfully","time":"2024-10-28T19:47:20+08:00","username":"test"}
{"level":"info","msg":"User registered successfully","time":"2024-10-28T19:47:20+08:00","username":"test"}
{"error":"encoding/hex: invalid byte: U+0069 'i'","level":"error","msg":"Decryption failed","time":"2024-10-28T19:47:20+08:00"}
